<?xml version="1.0" encoding="UTF-8"?>
<!-- Generated by org.testng.reporters.JUnitReportReporter -->
<testsuite skipped="0" hostname="ip-172-31-27-255" name="testcases.SimplilearnLoginTest" tests="3" failures="0" timestamp="2022-09-11T05:28:21 UTC" time="13.280" errors="0">
  <testcase name="Test3" time="3.883" classname="testcases.SimplilearnLoginTest"/>
  <system-out/>
  <testcase name="Test2" time="4.062" classname="testcases.SimplilearnLoginTest"/>
  <system-out/>
  <testcase name="Test1" time="5.335" classname="testcases.SimplilearnLoginTest"/>
  <system-out/>
</testsuite> <!-- testcases.SimplilearnLoginTest -->
