<?xml version="1.0" encoding="UTF-8"?>
<!-- Generated by org.testng.reporters.JUnitReportReporter -->
<testsuite skipped="0" hostname="ip-172-31-27-255" name="testcases.HomeTest" tests="1" failures="0" timestamp="2022-09-11T05:28:21 UTC" time="1.721" errors="0">
  <testcase name="Test1" time="1.721" classname="testcases.HomeTest"/>
  <system-out/>
</testsuite> <!-- testcases.HomeTest -->
