<?xml version="1.0" encoding="UTF-8"?>
<!-- Generated by org.testng.reporters.JUnitReportReporter -->
<testsuite skipped="0" hostname="ip-172-31-27-255" name="testcases.SimplilearnLoginTest" tests="3" failures="0" timestamp="23 Sep 2022 16:15:40 GMT" time="14.476" errors="0">
  <testcase name="Test2" time="5.011" classname="testcases.SimplilearnLoginTest"/>
  <testcase name="Test3" time="4.027" classname="testcases.SimplilearnLoginTest"/>
  <testcase name="Test1" time="5.438" classname="testcases.SimplilearnLoginTest"/>
</testsuite> <!-- testcases.SimplilearnLoginTest -->
