<?xml version="1.0" encoding="UTF-8"?>
<!-- Generated by org.testng.reporters.JUnitReportReporter -->
<testsuite skipped="0" hostname="ip-172-31-27-255" name="testcases.SimplilearnLoginTest" tests="2" failures="0" timestamp="2022-09-10T07:03:27 UTC" time="9.726" errors="0">
  <testcase name="Test1" time="5.314" classname="testcases.SimplilearnLoginTest"/>
  <system-out/>
  <testcase name="Test2" time="4.412" classname="testcases.SimplilearnLoginTest"/>
  <system-out/>
</testsuite> <!-- testcases.SimplilearnLoginTest -->
