<?xml version="1.0" encoding="UTF-8"?>
<!-- Generated by org.testng.reporters.JUnitReportReporter -->
<testsuite skipped="0" hostname="ip-172-31-27-255" name="testcases.SimplilearnLoginTest" tests="3" failures="0" timestamp="23 Sep 2022 16:16:24 GMT" time="12.826" errors="0">
  <testcase name="Test1" time="4.210" classname="testcases.SimplilearnLoginTest"/>
  <testcase name="Test2" time="4.716" classname="testcases.SimplilearnLoginTest"/>
  <testcase name="Test3" time="3.900" classname="testcases.SimplilearnLoginTest"/>
</testsuite> <!-- testcases.SimplilearnLoginTest -->
